<?xml version="1.0" encoding="UTF-8"?>
<!-- Generated by org.testng.reporters.JUnitReportReporter -->
<testsuite hostname="LAPTOP-RALNLQ2A" failures="0" tests="2" name="Tests.LoginTest" time="6.519" errors="0" timestamp="2025-05-26T18:27:26 IST" skipped="0">
  <testcase classname="Tests.LoginTest" name="Validate_Sign_In" time="3.051"/>
  <testcase classname="Tests.LoginTest" name="Validate_DevOps_Selenium_Design" time="3.468"/>
</testsuite> <!-- Tests.LoginTest -->
