<?xml version="1.0" encoding="UTF-8"?>
<!-- Generated by org.testng.reporters.JUnitReportReporter -->
<testsuite hostname="LAPTOP-RALNLQ2A" failures="0" tests="1" name="Tests.LoginTest" time="2.795" errors="0" timestamp="2025-05-26T18:17:11 IST" skipped="0">
  <testcase classname="Tests.LoginTest" name="Validate_Login_Page" time="2.795"/>
</testsuite> <!-- Tests.LoginTest -->
